This file contains any messages produced by compilers while
running configure, to aid debugging if configure makes a mistake.

configure:581: checking whether to use symlinks for manpages
configure:593: checking whether to compress the manpages
configure:619: checking whether to add a package name suffix for the manpages
configure:650: checking for gcc
configure:763: checking whether the C compiler (gcc  ) works
configure:779: gcc -o conftest    conftest.c  1>&5
configure:805: checking whether the C compiler (gcc  ) is a cross-compiler
configure:810: checking whether we are using GNU C
configure:819: gcc -E conftest.c
configure:838: checking whether gcc accepts -g
configure:880: checking how to run the C preprocessor
configure:901: gcc -E  conftest.c >/dev/null 2>conftest.out
configure:961: checking dirent.h
configure:992: gcc -o conftest    conftest.c  1>&5
configure:1015: checking for errno.h
configure:1025: gcc -E  conftest.c >/dev/null 2>conftest.out
configure:1052: checking for float.h
configure:1062: gcc -E  conftest.c >/dev/null 2>conftest.out
configure:1089: checking for values.h
configure:1099: gcc -E  conftest.c >/dev/null 2>conftest.out
configure:1126: checking for limits.h
configure:1136: gcc -E  conftest.c >/dev/null 2>conftest.out
configure:1166: checking for stdlib.h
configure:1176: gcc -E  conftest.c >/dev/null 2>conftest.out
configure:1248: checking for string.h
configure:1258: gcc -E  conftest.c >/dev/null 2>conftest.out
configure:1321: checking for sys/wait.h
configure:1331: gcc -E  conftest.c >/dev/null 2>conftest.out
configure:1358: checking for dlfcn.h
configure:1368: gcc -E  conftest.c >/dev/null 2>conftest.out
configure:1399: checking for unistd.h
configure:1409: gcc -E  conftest.c >/dev/null 2>conftest.out
configure:1399: checking for sys/param.h
configure:1409: gcc -E  conftest.c >/dev/null 2>conftest.out
configure:1445: checking if the compiler understands -pipe
configure:1456: gcc -pipe -c   conftest.c 1>&5
configure:1864: checking for building with threads
configure:1895: checking for sin
configure:1923: gcc -pipe -o conftest    conftest.c  1>&5
configure:1907:6: warning: conflicting types for built-in function 'sin' [enabled by default]
 char sin();
      ^
/tmp/ccRHZf7q.o: In function `main':
conftest.c:(.text+0xa): undefined reference to `sin'
collect2: error: ld returned 1 exit status
configure: failed program was:
#line 1900 "configure"
#include "confdefs.h"
/* System header to define __stub macros and hopefully few prototypes,
    which can conflict with char sin(); below.  */
#include <assert.h>
/* Override any gcc2 internal prototype to avoid an error.  */
/* We use char because int might match the return type of a gcc2
    builtin and then its argument prototype would still apply.  */
char sin();

int main() {

/* The GNU C library defines this for functions which it implements
    to always fail with ENOSYS.  Some functions are actually named
    something starting with __ and the normal name is an alias.  */
#if defined (__stub_sin) || defined (__stub___sin)
choke me
#else
sin();
#endif

; return 0; }
configure:1944: checking for main in -lieee
configure:1959: gcc -pipe -o conftest    conftest.c -lieee   1>&5
configure:1986: checking for main in -linet
configure:2001: gcc -pipe -o conftest    conftest.c -linet   1>&5
/bin/ld: cannot find -linet
collect2: error: ld returned 1 exit status
configure: failed program was:
#line 1994 "configure"
#include "confdefs.h"

int main() {
main()
; return 0; }
configure:2023: checking for net/errno.h
configure:2033: gcc -E  conftest.c >/dev/null 2>conftest.out
configure:2029:23: fatal error: net/errno.h: No such file or directory
 #include <net/errno.h>
                       ^
compilation terminated.
configure: failed program was:
#line 2028 "configure"
#include "confdefs.h"
#include <net/errno.h>
configure:2078: checking for connect
configure:2106: gcc -pipe -o conftest    conftest.c  1>&5
configure:2271: checking for gethostbyname
configure:2299: gcc -pipe -o conftest    conftest.c  1>&5
configure:2372: checking how to build libraries
configure:2411: checking for ranlib
configure:2443: checking if 64bit support is requested
configure:2457: checking if 64bit Sparc VIS support is requested
configure:2478: checking system version
configure:2513: checking for dlopen in -ldl
configure:2532: gcc -pipe -o conftest    conftest.c -ldl   1>&5
configure:2580: checking for ar
configure:4429: checking for build with symbols
configure:4490: checking for required early compiler flags
configure:4504: gcc -pipe -c   conftest.c 1>&5
configure:4554: gcc -pipe -c   conftest.c 1>&5
configure: In function 'main':
configure:4550:15: error: storage size of 'buf' isn't known
 struct stat64 buf; int i = stat64("/", &buf);
               ^
configure: failed program was:
#line 4547 "configure"
#include "confdefs.h"
#include <sys/stat.h>
int main() {
struct stat64 buf; int i = stat64("/", &buf);
; return 0; }
configure:4570: gcc -pipe -c   conftest.c 1>&5
configure:4604: gcc -pipe -c   conftest.c 1>&5
configure: In function 'main':
configure:4600:19: error: 'open64' undeclared (first use in this function)
 char *p = (char *)open64;
                   ^
configure:4600:19: note: each undeclared identifier is reported only once for each function it appears in
configure: failed program was:
#line 4597 "configure"
#include "confdefs.h"
#include <sys/stat.h>
int main() {
char *p = (char *)open64;
; return 0; }
configure:4620: gcc -pipe -c   conftest.c 1>&5
configure: In function 'main':
configure:4616:19: error: 'open64' undeclared (first use in this function)
 char *p = (char *)open64;
                   ^
configure:4616:19: note: each undeclared identifier is reported only once for each function it appears in
configure: failed program was:
#line 4612 "configure"
#include "confdefs.h"
#define _LARGEFILE_SOURCE64 1
#include <sys/stat.h>
int main() {
char *p = (char *)open64;
; return 0; }
configure:4651: checking for 64-bit integer type
configure:4666: gcc -pipe -c   conftest.c 1>&5
configure: In function 'main':
configure:4662:1: error: unknown type name '__int64'
 __int64 value = (__int64) 0;
 ^
configure:4662:18: error: '__int64' undeclared (first use in this function)
 __int64 value = (__int64) 0;
                  ^
configure:4662:18: note: each undeclared identifier is reported only once for each function it appears in
configure:4662:27: error: expected ',' or ';' before numeric constant
 __int64 value = (__int64) 0;
                           ^
configure: failed program was:
#line 4659 "configure"
#include "confdefs.h"

int main() {
__int64 value = (__int64) 0;
; return 0; }
configure:4689: gcc -pipe -c   conftest.c 1>&5
configure: In function 'main':
configure:4684:21: error: duplicate case value
             case 1: case (sizeof(${tcl_type_64bit})==sizeof(long)): ; 
                     ^
configure:4684:13: error: previously used here
             case 1: case (sizeof(${tcl_type_64bit})==sizeof(long)): ; 
             ^
configure: failed program was:
#line 4680 "configure"
#include "confdefs.h"

int main() {
switch (0) { 
            case 1: case (sizeof(long long)==sizeof(long)): ; 
        }
; return 0; }
configure:4885: checking whether byte ordering is bigendian
configure:4903: gcc -pipe -c   conftest.c 1>&5
configure:4918: gcc -pipe -c   conftest.c 1>&5
configure: In function 'main':
configure:4913:2: error: unknown type name 'not'
  not big endian
  ^
configure:4913:10: error: expected '=', ',', ';', 'asm' or '__attribute__' before 'endian'
  not big endian
          ^
configure: failed program was:
#line 4907 "configure"
#include "confdefs.h"
#include <sys/types.h>
#include <sys/param.h>
int main() {

#if BYTE_ORDER != BIG_ENDIAN
 not big endian
#endif
; return 0; }
configure:4984: checking for getcwd
configure:5012: gcc -pipe -o conftest    -Wl,--export-dynamic conftest.c  1>&5
configure:5046: checking for opendir
configure:5074: gcc -pipe -o conftest    -Wl,--export-dynamic conftest.c  1>&5
configure:5046: checking for strstr
configure:5074: gcc -pipe -o conftest    -Wl,--export-dynamic conftest.c  1>&5
configure:5058:6: warning: conflicting types for built-in function 'strstr' [enabled by default]
 char $ac_func();
      ^
configure:5046: checking for strtol
configure:5074: gcc -pipe -o conftest    -Wl,--export-dynamic conftest.c  1>&5
configure:5046: checking for strtoll
configure:5074: gcc -pipe -o conftest    -Wl,--export-dynamic conftest.c  1>&5
configure:5046: checking for strtoull
configure:5074: gcc -pipe -o conftest    -Wl,--export-dynamic conftest.c  1>&5
configure:5046: checking for tmpnam
configure:5074: gcc -pipe -o conftest    -Wl,--export-dynamic conftest.c  1>&5
/tmp/ccuXxGav.o: In function `main':
conftest.c:(.text+0xa): warning: the use of `tmpnam' is dangerous, better use `mkstemp'
configure:5046: checking for waitpid
configure:5074: gcc -pipe -o conftest    -Wl,--export-dynamic conftest.c  1>&5
configure:5101: checking for strerror
configure:5129: gcc -pipe -o conftest    -Wl,--export-dynamic conftest.c  1>&5
configure:5153: checking for getwd
configure:5181: gcc -pipe -o conftest    -Wl,--export-dynamic conftest.c  1>&5
/tmp/ccg04DGK.o: In function `main':
conftest.c:(.text+0xa): warning: the `getwd' function is dangerous and should not be used.
configure:5205: checking for wait3
configure:5233: gcc -pipe -o conftest    -Wl,--export-dynamic conftest.c  1>&5
configure:5257: checking for uname
configure:5285: gcc -pipe -o conftest    -Wl,--export-dynamic conftest.c  1>&5
configure:5309: checking for realpath
configure:5337: gcc -pipe -o conftest    -Wl,--export-dynamic conftest.c  1>&5
configure:5372: checking for sys/modem.h
configure:5382: gcc -E  conftest.c >/dev/null 2>conftest.out
configure:5378:23: fatal error: sys/modem.h: No such file or directory
 #include <$ac_hdr>
                       ^
compilation terminated.
configure: failed program was:
#line 5377 "configure"
#include "confdefs.h"
#include <sys/modem.h>
configure:5409: checking termios vs. termio vs. sgtty
configure:5433: gcc -pipe -o conftest    -Wl,--export-dynamic conftest.c  1>&5
configure:5644: checking for fd_set in sys/types
configure:5656: gcc -pipe -c   conftest.c 1>&5
configure:5714: checking whether struct tm is in sys/time.h or time.h
configure:5727: gcc -pipe -c   conftest.c 1>&5
configure:5752: checking for sys/time.h
configure:5762: gcc -E  conftest.c >/dev/null 2>conftest.out
configure:5789: checking whether time.h and sys/time.h may both be included
configure:5803: gcc -pipe -c   conftest.c 1>&5
configure:5824: checking for tm_zone in struct tm
configure:5837: gcc -pipe -c   conftest.c 1>&5
configure:5897: checking for gmtime_r
configure:5925: gcc -pipe -o conftest    -Wl,--export-dynamic conftest.c  1>&5
configure:5897: checking for localtime_r
configure:5925: gcc -pipe -o conftest    -Wl,--export-dynamic conftest.c  1>&5
configure:5951: checking tm_tzadj in struct tm
configure:5963: gcc -pipe -c   conftest.c 1>&5
configure: In function 'main':
configure:5959:17: error: 'struct tm' has no member named 'tm_tzadj'
 struct tm tm; tm.tm_tzadj;
                 ^
configure: failed program was:
#line 5956 "configure"
#include "confdefs.h"
#include <time.h>
int main() {
struct tm tm; tm.tm_tzadj;
; return 0; }
configure:5984: checking tm_gmtoff in struct tm
configure:5996: gcc -pipe -c   conftest.c 1>&5
configure:6021: checking long timezone variable
configure:6035: gcc -pipe -c   conftest.c 1>&5
configure: In function 'main':
configure:6031:6: warning: incompatible implicit declaration of built-in function 'exit' [enabled by default]
      exit (0);
      ^
configure:6099: checking for st_blksize in struct stat
configure:6112: gcc -pipe -c   conftest.c 1>&5
configure:6133: checking for fstatfs
configure:6161: gcc -pipe -o conftest    -Wl,--export-dynamic conftest.c  1>&5
configure:6190: checking for 8-bit clean memcmp
configure:6208: gcc -pipe -o conftest    -Wl,--export-dynamic conftest.c  1>&5
configure: In function 'main':
configure:6203:3: warning: incompatible implicit declaration of built-in function 'exit' [enabled by default]
   exit(memcmp(&c0, &c2, 1) < 0 && memcmp(&c1, &c2, 1) < 0 ? 0 : 1);
   ^
configure:6232: checking for memmove
configure:6260: gcc -pipe -o conftest    -Wl,--export-dynamic conftest.c  1>&5
configure:6244:6: warning: conflicting types for built-in function 'memmove' [enabled by default]
 char memmove();
      ^
configure:6293: checking proper strstr implementation
configure:6311: gcc -pipe -o conftest    -Wl,--export-dynamic conftest.c  1>&5
configure:6304:13: warning: conflicting types for built-in function 'strstr' [enabled by default]
  extern int strstr();
             ^
configure: In function 'main':
configure:6307:6: warning: incompatible implicit declaration of built-in function 'exit' [enabled by default]
      exit(strstr("\0test", "test") ? 1 : 0);
      ^
configure:6338: checking for strtoul
configure:6366: gcc -pipe -o conftest    -Wl,--export-dynamic conftest.c  1>&5
configure:6388: checking proper strtoul implementation
configure:6413: gcc -pipe -o conftest    -Wl,--export-dynamic conftest.c  1>&5
configure: In function 'main':
configure:6407:3: warning: incompatible implicit declaration of built-in function 'exit' [enabled by default]
   exit(1);
   ^
configure:6409:6: warning: incompatible implicit declaration of built-in function 'exit' [enabled by default]
      exit(0);
      ^
configure:6442: checking for strtod
configure:6470: gcc -pipe -o conftest    -Wl,--export-dynamic conftest.c  1>&5
configure:6492: checking proper strtod implementation
configure:6517: gcc -pipe -o conftest    -Wl,--export-dynamic conftest.c  1>&5
configure: In function 'main':
configure:6511:3: warning: incompatible implicit declaration of built-in function 'exit' [enabled by default]
   exit(1);
   ^
configure:6513:6: warning: incompatible implicit declaration of built-in function 'exit' [enabled by default]
      exit(0);
      ^
configure:6549: checking for strtod
configure:6599: checking for Solaris2.4/Tru64 strtod bugs
configure:6631: gcc -pipe -o conftest    -Wl,--export-dynamic conftest.c  1>&5
configure: In function 'main':
configure:6617:4: warning: incompatible implicit declaration of built-in function 'exit' [enabled by default]
    exit(1);
    ^
configure:6621:4: warning: incompatible implicit declaration of built-in function 'exit' [enabled by default]
    exit(1);
    ^
configure:6625:4: warning: incompatible implicit declaration of built-in function 'exit' [enabled by default]
    exit(1);
    ^
configure:6627:7: warning: incompatible implicit declaration of built-in function 'exit' [enabled by default]
       exit(0);
       ^
configure:6662: checking for ANSI C header files
configure:6675: gcc -E  conftest.c >/dev/null 2>conftest.out
configure:6742: gcc -pipe -o conftest    -Wl,--export-dynamic conftest.c  1>&5
configure: In function 'main':
configure:6737:67: warning: incompatible implicit declaration of built-in function 'exit' [enabled by default]
 if (XOR (islower (i), ISLOWER (i)) || toupper (i) != TOUPPER (i)) exit(2);
                                                                   ^
configure:6766: checking for mode_t
configure:6799: checking for pid_t
configure:6832: checking for size_t
configure:6865: checking for uid_t in sys/types.h
configure:6900: checking for socklen_t
configure:6944: checking for opendir
configure:7005: checking union wait
configure:7022: gcc -pipe -o conftest    -Wl,--export-dynamic conftest.c  1>&5
configure:7049: checking for strncasecmp
configure:7077: gcc -pipe -o conftest    -Wl,--export-dynamic conftest.c  1>&5
configure:7061:6: warning: conflicting types for built-in function 'strncasecmp' [enabled by default]
 char strncasecmp();
      ^
configure:7199: checking for BSDgettimeofday
configure:7227: gcc -pipe -o conftest    -Wl,--export-dynamic conftest.c  1>&5
/tmp/ccsD3lXz.o: In function `main':
conftest.c:(.text+0xa): undefined reference to `BSDgettimeofday'
collect2: error: ld returned 1 exit status
configure: failed program was:
#line 7204 "configure"
#include "confdefs.h"
/* System header to define __stub macros and hopefully few prototypes,
    which can conflict with char BSDgettimeofday(); below.  */
#include <assert.h>
/* Override any gcc2 internal prototype to avoid an error.  */
/* We use char because int might match the return type of a gcc2
    builtin and then its argument prototype would still apply.  */
char BSDgettimeofday();

int main() {

/* The GNU C library defines this for functions which it implements
    to always fail with ENOSYS.  Some functions are actually named
    something starting with __ and the normal name is an alias.  */
#if defined (__stub_BSDgettimeofday) || defined (__stub___BSDgettimeofday)
choke me
#else
BSDgettimeofday();
#endif

; return 0; }
configure:7249: checking for gettimeofday
configure:7277: gcc -pipe -o conftest    -Wl,--export-dynamic conftest.c  1>&5
configure:7304: checking for gettimeofday declaration
configure:7340: checking whether char is unsigned
configure:7403: checking signed char declarations
configure:7418: gcc -pipe -c   conftest.c 1>&5
configure:7443: checking for a putenv() that copies the buffer
configure:7473: gcc -pipe -o conftest    -Wl,--export-dynamic conftest.c  1>&5
configure: In function 'main':
configure:7458:20: warning: incompatible implicit declaration of built-in function 'strdup' [enabled by default]
      foo = (char *)strdup(OURVAR);
                    ^
configure:7460:6: warning: incompatible implicit declaration of built-in function 'strcpy' [enabled by default]
      strcpy((char *)(strchr(foo, '=') + 1), "no");
      ^
configure:7460:22: warning: incompatible implicit declaration of built-in function 'strchr' [enabled by default]
      strcpy((char *)(strchr(foo, '=') + 1), "no");
                      ^
configure:7514: checking for langinfo.h
configure:7524: gcc -E  conftest.c >/dev/null 2>conftest.out
configure:7548: checking whether to use nl_langinfo
configure:7561: gcc -pipe -c   conftest.c 1>&5
configure:7590: checking for fts
configure:7607: gcc -pipe -o conftest    -Wl,--export-dynamic conftest.c  1>&5
configure:7639: checking for sys/ioctl.h
configure:7649: gcc -E  conftest.c >/dev/null 2>conftest.out
configure:7679: checking for sys/filio.h
configure:7689: gcc -E  conftest.c >/dev/null 2>conftest.out
configure:7685:23: fatal error: sys/filio.h: No such file or directory
 #include <$ac_hdr>
                       ^
compilation terminated.
configure: failed program was:
#line 7684 "configure"
#include "confdefs.h"
#include <sys/filio.h>
configure:7717: checking system version
configure:7748: checking FIONBIO vs. O_NONBLOCK for nonblocking I/O
